
Showing logs for build [32mcb-kubecd-environment-pr-166-33-c88kw-1[0m stage [32mfrom-build-pack[0m and container [32mstep-credential-initializer-vrzj6[0m
{"level":"warn","ts":1582722204.6801684,"logger":"fallback-logger","caller":"logging/config.go:69","msg":"Fetch GitHub commit ID from kodata failed: \"ref: refs/heads/0.8.0-**-support-backwards-incompats\" is not a valid GitHub commit ID"}
{"level":"info","ts":1582722204.6811562,"logger":"fallback-logger","caller":"creds-init/main.go:40","msg":"Credentials initialized."}

Showing logs for build [32mcb-kubecd-environment-pr-166-33-c88kw-1[0m stage [32mfrom-build-pack[0m and container [32mstep-working-dir-initializer-m8mg4[0m
{"level":"warn","ts":1582722206.1668272,"logger":"fallback-logger","caller":"logging/config.go:69","msg":"Fetch GitHub commit ID from kodata failed: open /var/run/ko/HEAD: no such file or directory"}
{"level":"info","ts":1582722206.1685302,"logger":"fallback-logger","caller":"bash/main.go:64","msg":"Successfully executed command \"sh -c mkdir -p /workspace/source\"; output "}

Showing logs for build [32mcb-kubecd-environment-pr-166-33-c88kw-1[0m stage [32mfrom-build-pack[0m and container [32mstep-place-tools[0m

Showing logs for build [32mcb-kubecd-environment-pr-166-33-c88kw-1[0m stage [32mfrom-build-pack[0m and container [32mstep-git-source-cb-kubecd-environment-pr-166-33-c88kw-jfhc5[0m
{"level":"warn","ts":1582722209.3682115,"logger":"fallback-logger","caller":"logging/config.go:69","msg":"Fetch GitHub commit ID from kodata failed: \"ref: refs/heads/0.8.0-**-support-backwards-incompats\" is not a valid GitHub commit ID"}
{"level":"info","ts":1582722210.41564,"logger":"fallback-logger","caller":"git/git.go:103","msg":"Successfully cloned https://github.com/cb-kubecd/environment-pr-166-33-boot-gke-staging.git @ master in path /workspace/source"}

Showing logs for build [32mcb-kubecd-environment-pr-166-33-c88kw-1[0m stage [32mfrom-build-pack[0m and container [32mstep-git-merge[0m
Using SHAs from PULL_REFS=master:ea3eeb30f985f0a2db89b8c1604abce093493737,3:23950d8ac8e3c4fce8ca03c2a03595f8e75be3cf
DEBUG: LC_ALL=C JX_LOG_LEVEL=error git fetch origin --unshallow 23950d8ac8e3c4fce8ca03c2a03595f8e75be3cf: ea3eeb30f985f0a2db89b8c1604abce093493737:
DEBUG: ran git fetch --unshallow origin 23950d8ac8e3c4fce8ca03c2a03595f8e75be3cf: ea3eeb30f985f0a2db89b8c1604abce093493737: in 
DEBUG: LC_ALL=C JX_LOG_LEVEL=error git branch
DEBUG: LC_ALL=C JX_LOG_LEVEL=error git checkout master
DEBUG: ran git checkout master in 
DEBUG: JX_LOG_LEVEL=error LC_ALL=C git reset --hard ea3eeb30f985f0a2db89b8c1604abce093493737
DEBUG: ran git reset --hard ea3eeb30f985f0a2db89b8c1604abce093493737 in 
DEBUG: LC_ALL=C JX_LOG_LEVEL=error git clean -fd .
DEBUG: ran clean --force -d . in 
DEBUG: LC_ALL=C JX_LOG_LEVEL=error git merge 23950d8ac8e3c4fce8ca03c2a03595f8e75be3cf
DEBUG: ran git merge 23950d8ac8e3c4fce8ca03c2a03595f8e75be3cf in 
DEBUG: LC_ALL=C JX_LOG_LEVEL=error git log --format=%H%x1f%an%x1f%ae%x1f%cn%x1f%ce%x1f%s%n%b%x1e ea3eeb30f985f0a2db89b8c1604abce093493737..HEAD
Merged SHA 23950d8ac8e3c4fce8ca03c2a03595f8e75be3cf with commit message 'chore: Promote bdd-sbhg-1582721152 to version 0.0.1' into base branch master

Showing logs for build [32mcb-kubecd-environment-pr-166-33-c88kw-1[0m stage [32mfrom-build-pack[0m and container [32mstep-build-helm-build[0m
WARNING: No $CHART_REPOSITORY defined so using the default value of: http://jenkins-x-chartmuseum:8080
Adding missing Helm repo: storage.googleapis.com https://storage.googleapis.com/chartmuseum.jenkins-x.io
WARNING: No secrets found on "helm/repos" due: reading the secret "helm/repos" from vault: no secret "helm/repos" not found in vault
Read credentials for https://storage.googleapis.com/chartmuseum.jenkins-x.io from vault helm/repos
Successfully added Helm repository storage.googleapis.com.
Adding missing Helm repo: jenkins-x-chartmuseum http://jenkins-x-chartmuseum:8080
WARNING: No secrets found on "helm/repos" due: reading the secret "helm/repos" from vault: no secret "helm/repos" not found in vault
Read credentials for http://jenkins-x-chartmuseum:8080 from vault helm/repos
Successfully added Helm repository jenkins-x-chartmuseum.
WARNING: No $CHART_REPOSITORY defined so using the default value of: http://jenkins-x-chartmuseum:8080
Adding missing Helm repo: chartmuseum.jenkins-x.io http://chartmuseum.jenkins-x.io
WARNING: No secrets found on "helm/repos" due: reading the secret "helm/repos" from vault: no secret "helm/repos" not found in vault
Read credentials for http://chartmuseum.jenkins-x.io from vault helm/repos
Successfully added Helm repository chartmuseum.jenkins-x.io.
