
Showing logs for build [32mcb-kubecd-environment-pr-166-33-9hm86-1[0m stage [32mfrom-build-pack[0m and container [32mstep-credential-initializer-vwbbc[0m
{"level":"warn","ts":1582721501.322676,"logger":"fallback-logger","caller":"logging/config.go:69","msg":"Fetch GitHub commit ID from kodata failed: \"ref: refs/heads/0.8.0-**-support-backwards-incompats\" is not a valid GitHub commit ID"}
{"level":"info","ts":1582721501.3250356,"logger":"fallback-logger","caller":"creds-init/main.go:40","msg":"Credentials initialized."}

Showing logs for build [32mcb-kubecd-environment-pr-166-33-9hm86-1[0m stage [32mfrom-build-pack[0m and container [32mstep-working-dir-initializer-spwjs[0m
{"level":"warn","ts":1582721502.0116956,"logger":"fallback-logger","caller":"logging/config.go:69","msg":"Fetch GitHub commit ID from kodata failed: open /var/run/ko/HEAD: no such file or directory"}
{"level":"info","ts":1582721502.0163074,"logger":"fallback-logger","caller":"bash/main.go:64","msg":"Successfully executed command \"sh -c mkdir -p /workspace/source\"; output "}

Showing logs for build [32mcb-kubecd-environment-pr-166-33-9hm86-1[0m stage [32mfrom-build-pack[0m and container [32mstep-place-tools[0m

Showing logs for build [32mcb-kubecd-environment-pr-166-33-9hm86-1[0m stage [32mfrom-build-pack[0m and container [32mstep-git-source-cb-kubecd-environment-pr-166-33-9hm86-wwlb6[0m
{"level":"warn","ts":1582721506.0309703,"logger":"fallback-logger","caller":"logging/config.go:69","msg":"Fetch GitHub commit ID from kodata failed: \"ref: refs/heads/0.8.0-**-support-backwards-incompats\" is not a valid GitHub commit ID"}
{"level":"info","ts":1582721507.208842,"logger":"fallback-logger","caller":"git/git.go:103","msg":"Successfully cloned https://github.com/cb-kubecd/environment-pr-166-33-boot-gke-staging.git @ master in path /workspace/source"}

Showing logs for build [32mcb-kubecd-environment-pr-166-33-9hm86-1[0m stage [32mfrom-build-pack[0m and container [32mstep-git-merge[0m
Using SHAs from PULL_REFS=master:369ee49e6d330bf46301729d60f717e85206f100,2:db63f4015fc348416d5a572b9f6f7cd4462640dc
DEBUG: LC_ALL=C JX_LOG_LEVEL=error git fetch origin --unshallow db63f4015fc348416d5a572b9f6f7cd4462640dc: 369ee49e6d330bf46301729d60f717e85206f100:
DEBUG: ran git fetch --unshallow origin db63f4015fc348416d5a572b9f6f7cd4462640dc: 369ee49e6d330bf46301729d60f717e85206f100: in 
DEBUG: LC_ALL=C JX_LOG_LEVEL=error git branch
DEBUG: LC_ALL=C JX_LOG_LEVEL=error git checkout master
DEBUG: ran git checkout master in 
DEBUG: JX_LOG_LEVEL=error LC_ALL=C git reset --hard 369ee49e6d330bf46301729d60f717e85206f100
DEBUG: ran git reset --hard 369ee49e6d330bf46301729d60f717e85206f100 in 
DEBUG: JX_LOG_LEVEL=error LC_ALL=C git clean -fd .
DEBUG: ran clean --force -d . in 
DEBUG: LC_ALL=C JX_LOG_LEVEL=error git merge db63f4015fc348416d5a572b9f6f7cd4462640dc
DEBUG: ran git merge db63f4015fc348416d5a572b9f6f7cd4462640dc in 
DEBUG: LC_ALL=C JX_LOG_LEVEL=error git log --format=%H%x1f%an%x1f%ae%x1f%cn%x1f%ce%x1f%s%n%b%x1e 369ee49e6d330bf46301729d60f717e85206f100..HEAD
Merged SHA db63f4015fc348416d5a572b9f6f7cd4462640dc with commit message 'chore: Promote bdd-nh-1582721152 to version 0.0.1' into base branch master

Showing logs for build [32mcb-kubecd-environment-pr-166-33-9hm86-1[0m stage [32mfrom-build-pack[0m and container [32mstep-build-helm-build[0m
WARNING: No $CHART_REPOSITORY defined so using the default value of: http://jenkins-x-chartmuseum:8080
Adding missing Helm repo: storage.googleapis.com https://storage.googleapis.com/chartmuseum.jenkins-x.io
WARNING: No secrets found on "helm/repos" due: reading the secret "helm/repos" from vault: no secret "helm/repos" not found in vault
Read credentials for https://storage.googleapis.com/chartmuseum.jenkins-x.io from vault helm/repos
Successfully added Helm repository storage.googleapis.com.
Adding missing Helm repo: jenkins-x-chartmuseum http://jenkins-x-chartmuseum:8080
WARNING: No secrets found on "helm/repos" due: reading the secret "helm/repos" from vault: no secret "helm/repos" not found in vault
Read credentials for http://jenkins-x-chartmuseum:8080 from vault helm/repos
Successfully added Helm repository jenkins-x-chartmuseum.
WARNING: No $CHART_REPOSITORY defined so using the default value of: http://jenkins-x-chartmuseum:8080
Adding missing Helm repo: chartmuseum.jenkins-x.io http://chartmuseum.jenkins-x.io
WARNING: No secrets found on "helm/repos" due: reading the secret "helm/repos" from vault: no secret "helm/repos" not found in vault
Read credentials for http://chartmuseum.jenkins-x.io from vault helm/repos
Successfully added Helm repository chartmuseum.jenkins-x.io.
